<component name="libraryTable">
  <library name="junit-4.11 (2)">
    <CLASSES>
      <root url="jar://$PROJECT_DIR$/p2.32DifferentBoxes/lib/junit-4.11.jar!/" />
    </CLASSES>
    <JAVADOC />
    <SOURCES />
  </library>
</component>